  arena.cpp
C:\Users\ostav\Documents\Visual Studio Projects\Pac-Man\Pac-Man\arena.cpp(541,58): warning C4244: 'argument': conversion from 'int' to 'float', possible loss of data
C:\Users\ostav\Documents\Visual Studio Projects\Pac-Man\Pac-Man\arena.cpp(541,55): warning C4244: 'argument': conversion from 'int' to 'float', possible loss of data
C:\Users\ostav\Documents\Visual Studio Projects\Pac-Man\Pac-Man\arena.cpp(541,52): warning C4244: 'argument': conversion from 'int' to 'float', possible loss of data
C:\Users\ostav\Documents\Visual Studio Projects\Pac-Man\Pac-Man\arena.cpp(541,49): warning C4244: 'argument': conversion from 'int' to 'float', possible loss of data
C:\Users\ostav\Documents\Visual Studio Projects\Pac-Man\Pac-Man\arena.cpp(554,36): warning C4244: 'argument': conversion from 'int' to 'float', possible loss of data
C:\Users\ostav\Documents\Visual Studio Projects\Pac-Man\Pac-Man\arena.cpp(554,33): warning C4244: 'argument': conversion from 'int' to 'float', possible loss of data
C:\Users\ostav\Documents\Visual Studio Projects\Pac-Man\Pac-Man\arena.cpp(554,30): warning C4244: 'argument': conversion from 'int' to 'float', possible loss of data
C:\Users\ostav\Documents\Visual Studio Projects\Pac-Man\Pac-Man\arena.cpp(554,27): warning C4244: 'argument': conversion from 'int' to 'float', possible loss of data
C:\Users\ostav\Documents\Visual Studio Projects\Pac-Man\Pac-Man\arena.cpp(599,46): warning C4244: 'argument': conversion from 'int' to 'float', possible loss of data
C:\Users\ostav\Documents\Visual Studio Projects\Pac-Man\Pac-Man\arena.cpp(599,43): warning C4244: 'argument': conversion from 'int' to 'float', possible loss of data
C:\Users\ostav\Documents\Visual Studio Projects\Pac-Man\Pac-Man\arena.cpp(599,40): warning C4244: 'argument': conversion from 'int' to 'float', possible loss of data
C:\Users\ostav\Documents\Visual Studio Projects\Pac-Man\Pac-Man\arena.cpp(599,37): warning C4244: 'argument': conversion from 'int' to 'float', possible loss of data
  game_manager.cpp
C:\Users\ostav\Documents\Visual Studio Projects\Pac-Man\Pac-Man\game_manager.cpp(91,69): warning C4244: 'argument': conversion from 'float' to 'int', possible loss of data
C:\Users\ostav\Documents\Visual Studio Projects\Pac-Man\Pac-Man\game_manager.cpp(91,53): warning C4244: 'argument': conversion from 'float' to 'int', possible loss of data
C:\Users\ostav\Documents\Visual Studio Projects\Pac-Man\Pac-Man\game_manager.cpp(98,79): warning C4244: 'argument': conversion from 'float' to 'int', possible loss of data
C:\Users\ostav\Documents\Visual Studio Projects\Pac-Man\Pac-Man\game_manager.cpp(98,60): warning C4244: 'argument': conversion from 'float' to 'int', possible loss of data
C:\Users\ostav\Documents\Visual Studio Projects\Pac-Man\Pac-Man\game_manager.cpp(158,51): warning C4244: 'argument': conversion from 'float' to 'int', possible loss of data
C:\Users\ostav\Documents\Visual Studio Projects\Pac-Man\Pac-Man\game_manager.cpp(158,35): warning C4244: 'argument': conversion from 'float' to 'int', possible loss of data
C:\Users\ostav\Documents\Visual Studio Projects\Pac-Man\Pac-Man\game_manager.cpp(168,56): warning C4244: 'argument': conversion from 'float' to 'int', possible loss of data
C:\Users\ostav\Documents\Visual Studio Projects\Pac-Man\Pac-Man\game_manager.cpp(168,40): warning C4244: 'argument': conversion from 'float' to 'int', possible loss of data
  pac_man.cpp
  window.cpp
  Generating Code...
  Pac-Man.vcxproj -> C:\Users\ostav\Documents\Visual Studio Projects\Pac-Man\Debug\Pac-Man.exe
